2025-10-24 21:19:03.790 ERROR Hippodrome: Horses list is null
2025-10-24 21:19:04.968 DEBUG Hippodrome: Created Hippodrome with 50 horses
2025-10-24 21:19:05.032 ERROR Hippodrome: Horses list is empty
2025-10-24 21:19:05.037 DEBUG Horse: Created a Horse named [Horse1] with speed [1.0]
2025-10-24 21:19:05.037 DEBUG Horse: Created a Horse named [Horse2] with speed [1.0]
2025-10-24 21:19:05.037 DEBUG Horse: Created a Horse named [Horse3] with speed [1.0]
2025-10-24 21:19:05.037 DEBUG Horse: Created a Horse named [Horse4] with speed [1.0]
2025-10-24 21:19:05.037 DEBUG Horse: Created a Horse named [Horse5] with speed [1.0]
2025-10-24 21:19:05.039 DEBUG Horse: Created a Horse named [Horse6] with speed [1.0]
2025-10-24 21:19:05.040 DEBUG Horse: Created a Horse named [Horse7] with speed [1.0]
2025-10-24 21:19:05.040 DEBUG Horse: Created a Horse named [Horse8] with speed [1.0]
2025-10-24 21:19:05.040 DEBUG Horse: Created a Horse named [Horse9] with speed [1.0]
2025-10-24 21:19:05.040 DEBUG Horse: Created a Horse named [Horse10] with speed [1.0]
2025-10-24 21:19:05.040 DEBUG Horse: Created a Horse named [Horse11] with speed [1.0]
2025-10-24 21:19:05.040 DEBUG Horse: Created a Horse named [Horse12] with speed [1.0]
2025-10-24 21:19:05.040 DEBUG Horse: Created a Horse named [Horse13] with speed [1.0]
2025-10-24 21:19:05.040 DEBUG Horse: Created a Horse named [Horse14] with speed [1.0]
2025-10-24 21:19:05.040 DEBUG Horse: Created a Horse named [Horse15] with speed [1.0]
2025-10-24 21:19:05.040 DEBUG Horse: Created a Horse named [Horse16] with speed [1.0]
2025-10-24 21:19:05.040 DEBUG Horse: Created a Horse named [Horse17] with speed [1.0]
2025-10-24 21:19:05.040 DEBUG Horse: Created a Horse named [Horse18] with speed [1.0]
2025-10-24 21:19:05.040 DEBUG Horse: Created a Horse named [Horse19] with speed [1.0]
2025-10-24 21:19:05.040 DEBUG Horse: Created a Horse named [Horse20] with speed [1.0]
2025-10-24 21:19:05.040 DEBUG Horse: Created a Horse named [Horse21] with speed [1.0]
2025-10-24 21:19:05.040 DEBUG Horse: Created a Horse named [Horse22] with speed [1.0]
2025-10-24 21:19:05.040 DEBUG Horse: Created a Horse named [Horse23] with speed [1.0]
2025-10-24 21:19:05.040 DEBUG Horse: Created a Horse named [Horse24] with speed [1.0]
2025-10-24 21:19:05.040 DEBUG Horse: Created a Horse named [Horse25] with speed [1.0]
2025-10-24 21:19:05.040 DEBUG Horse: Created a Horse named [Horse26] with speed [1.0]
2025-10-24 21:19:05.040 DEBUG Horse: Created a Horse named [Horse27] with speed [1.0]
2025-10-24 21:19:05.040 DEBUG Horse: Created a Horse named [Horse28] with speed [1.0]
2025-10-24 21:19:05.040 DEBUG Horse: Created a Horse named [Horse29] with speed [1.0]
2025-10-24 21:19:05.042 DEBUG Horse: Created a Horse named [Horse30] with speed [1.0]
2025-10-24 21:19:05.042 DEBUG Hippodrome: Created Hippodrome with 30 horses
2025-10-24 21:19:05.045 DEBUG Horse: Created a Horse named [Houdini] with speed [2.4]
2025-10-24 21:19:05.045 DEBUG Horse: Created a Horse named [Comanche] with speed [2.5]
2025-10-24 21:19:05.045 DEBUG Horse: Created a Horse named [Ranger] with speed [2.6]
2025-10-24 21:19:05.045 DEBUG Horse: Created a Horse named [Elvis] with speed [2.7]
2025-10-24 21:19:05.045 DEBUG Horse: Created a Horse named [Yoda] with speed [2.8]
2025-10-24 21:19:05.045 DEBUG Horse: Created a Horse named [Pegasus] with speed [2.9]
2025-10-24 21:19:05.045 DEBUG Horse: Created a Horse named [Shelby] with speed [3.0]
2025-10-24 21:19:05.045 DEBUG Hippodrome: Created Hippodrome with 7 horses
2025-10-24 21:19:13.787 DEBUG Horse: Created a Horse named [Houdini] with speed [1.0]
2025-10-24 21:19:13.812 ERROR Horse: Distance is negative
2025-10-24 21:19:13.816 DEBUG Horse: Created a Horse named [Houdini] with speed [1.0]
2025-10-24 21:19:14.806 DEBUG Horse: Created a Horse named [Houdini] with speed [1.0]
2025-10-24 21:19:14.825 ERROR Horse: Name is null
2025-10-24 21:19:14.827 DEBUG Horse: Created a Horse named [Houdini] with speed [1.0]
2025-10-24 21:19:14.884 ERROR Horse: Name is blank
2025-10-24 21:19:14.897 ERROR Horse: Name is blank
2025-10-24 21:19:14.900 ERROR Horse: Name is blank
2025-10-24 21:19:14.906 ERROR Horse: Name is blank
2025-10-24 21:19:14.911 ERROR Horse: Name is blank
2025-10-24 21:19:14.911 ERROR Horse: Speed is negative
2025-10-24 21:19:14.916 ERROR Horse: Name is null
2025-10-24 21:19:14.919 DEBUG Horse: Created a Horse named [Houdini] with speed [1.0]
